<?xml version="1.0" encoding="UTF-8"?>
<!DOCTYPE suite SYSTEM "http://testng.org/testng-1.0.dtd" >
<suite name="FrameworkTest" verbose="5">
	<!-- <parameter name="browserName" value="firefox"/> -->
	<test name="TestLQAS">
		<classes>
			<class name="framework.fubotv.signup.AppsPageTest" />
			<!-- <class name="framework.fubotv.signup.SignUpTest" /> -->
		</classes>
	</test>
</suite>